[INFO] Scanning for projects...
[INFO] 
[INFO] ----------------------< org.revature:Challenges >-----------------------
[INFO] Building Challenges 1.1
[INFO] --------------------------------[ jar ]---------------------------------
[INFO] 
[INFO] --- maven-resources-plugin:2.6:resources (default-resources) @ Challenges ---
[WARNING] Using platform encoding (UTF-8 actually) to copy filtered resources, i.e. build is platform dependent!
[INFO] Copying 1 resource
[INFO] 
[INFO] --- maven-compiler-plugin:3.1:compile (default-compile) @ Challenges ---
[INFO] Changes detected - recompiling the module!
[WARNING] File encoding has not been set, using platform encoding UTF-8, i.e. build is platform dependent!
[INFO] Compiling 7 source files to /workspace/TenzingS-pep-project/target/classes
[INFO] -------------------------------------------------------------
[ERROR] COMPILATION ERROR : 
[INFO] -------------------------------------------------------------
[ERROR] /workspace/TenzingS-pep-project/src/main/java/DAO/AccountDAO.java:[19,84] cannot find symbol
  symbol:   variable Statement
  location: class DAO.AccountDAO
[ERROR] /workspace/TenzingS-pep-project/src/main/java/DAO/AccountDAO.java:[21,51] method setUsername in class Model.Account cannot be applied to given types;
  required: java.lang.String
  found: no arguments
  reason: actual and formal argument lists differ in length
[ERROR] /workspace/TenzingS-pep-project/src/main/java/DAO/AccountDAO.java:[27,65] method setUsername in class Model.Account cannot be applied to given types;
  required: java.lang.String
  found: no arguments
  reason: actual and formal argument lists differ in length
[INFO] 3 errors 
[INFO] -------------------------------------------------------------
[INFO] ------------------------------------------------------------------------
[INFO] BUILD FAILURE
[INFO] ------------------------------------------------------------------------
[INFO] Total time:  4.993 s
[INFO] Finished at: 2023-02-03T01:01:51Z
[INFO] ------------------------------------------------------------------------
[ERROR] Failed to execute goal org.apache.maven.plugins:maven-compiler-plugin:3.1:compile (default-compile) on project Challenges: Compilation failure: Compilation failure: 
[ERROR] /workspace/TenzingS-pep-project/src/main/java/DAO/AccountDAO.java:[19,84] cannot find symbol
[ERROR]   symbol:   variable Statement
[ERROR]   location: class DAO.AccountDAO
[ERROR] /workspace/TenzingS-pep-project/src/main/java/DAO/AccountDAO.java:[21,51] method setUsername in class Model.Account cannot be applied to given types;
[ERROR]   required: java.lang.String
[ERROR]   found: no arguments
[ERROR]   reason: actual and formal argument lists differ in length
[ERROR] /workspace/TenzingS-pep-project/src/main/java/DAO/AccountDAO.java:[27,65] method setUsername in class Model.Account cannot be applied to given types;
[ERROR]   required: java.lang.String
[ERROR]   found: no arguments
[ERROR]   reason: actual and formal argument lists differ in length
[ERROR] -> [Help 1]
[ERROR] 
[ERROR] To see the full stack trace of the errors, re-run Maven with the -e switch.
[ERROR] Re-run Maven using the -X switch to enable full debug logging.
[ERROR] 
[ERROR] For more information about the errors and possible solutions, please read the following articles:
[ERROR] [Help 1] http://cwiki.apache.org/confluence/display/MAVEN/MojoFailureException
